-------------------------------------------------------------------------------
Test set: org.springframework.samples.petclinic.PetclinicIntegrationTests
-------------------------------------------------------------------------------
Tests run: 1, Failures: 0, Errors: 1, Skipped: 0, Time elapsed: 7.165 s <<< FAILURE! - in org.springframework.samples.petclinic.PetclinicIntegrationTests
testFindAll(org.springframework.samples.petclinic.PetclinicIntegrationTests)  Time elapsed: 0 s  <<< ERROR!
java.lang.IllegalStateException: Failed to load ApplicationContext
Caused by: org.springframework.beans.factory.UnsatisfiedDependencyException: Error creating bean with name 'inMemoryDatabaseShutdownExecutor' defined in class path resource [org/springframework/boot/devtools/autoconfigure/DevToolsDataSourceAutoConfiguration.class]: Unsatisfied dependency expressed through method 'inMemoryDatabaseShutdownExecutor' parameter 0; nested exception is org.springframework.beans.factory.BeanCreationException: Error creating bean with name 'dataSource' defined in class path resource [org/springframework/boot/autoconfigure/jdbc/DataSourceConfiguration$Hikari.class]: Initialization of bean failed; nested exception is org.springframework.beans.factory.BeanCreationException: Error creating bean with name 'org.springframework.boot.autoconfigure.jdbc.DataSourceInitializerInvoker': Invocation of init method failed; nested exception is org.springframework.jdbc.datasource.init.ScriptStatementFailedException: Failed to execute SQL script statement #7 of URL [file:/C:/Users/ciaba/Desktop/8Cuatrimestre/Mantenimeinto/Corte1/petclinic/target/classes/db/mysql/schema.sql]: CREATE TABLE IF NOT EXISTS album ( id INT(4) UNSIGNED NOT NULL AUTO_INCREMENT PRIMARY KEY, pet_id INT(4) UNSIGNED NOT NULL, photo VARCHAR(100), FOREIGN KEY (pet_id) REFERENCES pets(id) ) engine=InnoDB; nested exception is java.sql.SQLException: Can't create table `petclinic`.`album` (errno: 150 "Foreign key constraint is incorrectly formed")
Caused by: org.springframework.beans.factory.BeanCreationException: Error creating bean with name 'dataSource' defined in class path resource [org/springframework/boot/autoconfigure/jdbc/DataSourceConfiguration$Hikari.class]: Initialization of bean failed; nested exception is org.springframework.beans.factory.BeanCreationException: Error creating bean with name 'org.springframework.boot.autoconfigure.jdbc.DataSourceInitializerInvoker': Invocation of init method failed; nested exception is org.springframework.jdbc.datasource.init.ScriptStatementFailedException: Failed to execute SQL script statement #7 of URL [file:/C:/Users/ciaba/Desktop/8Cuatrimestre/Mantenimeinto/Corte1/petclinic/target/classes/db/mysql/schema.sql]: CREATE TABLE IF NOT EXISTS album ( id INT(4) UNSIGNED NOT NULL AUTO_INCREMENT PRIMARY KEY, pet_id INT(4) UNSIGNED NOT NULL, photo VARCHAR(100), FOREIGN KEY (pet_id) REFERENCES pets(id) ) engine=InnoDB; nested exception is java.sql.SQLException: Can't create table `petclinic`.`album` (errno: 150 "Foreign key constraint is incorrectly formed")
Caused by: org.springframework.beans.factory.BeanCreationException: Error creating bean with name 'org.springframework.boot.autoconfigure.jdbc.DataSourceInitializerInvoker': Invocation of init method failed; nested exception is org.springframework.jdbc.datasource.init.ScriptStatementFailedException: Failed to execute SQL script statement #7 of URL [file:/C:/Users/ciaba/Desktop/8Cuatrimestre/Mantenimeinto/Corte1/petclinic/target/classes/db/mysql/schema.sql]: CREATE TABLE IF NOT EXISTS album ( id INT(4) UNSIGNED NOT NULL AUTO_INCREMENT PRIMARY KEY, pet_id INT(4) UNSIGNED NOT NULL, photo VARCHAR(100), FOREIGN KEY (pet_id) REFERENCES pets(id) ) engine=InnoDB; nested exception is java.sql.SQLException: Can't create table `petclinic`.`album` (errno: 150 "Foreign key constraint is incorrectly formed")
Caused by: org.springframework.jdbc.datasource.init.ScriptStatementFailedException: Failed to execute SQL script statement #7 of URL [file:/C:/Users/ciaba/Desktop/8Cuatrimestre/Mantenimeinto/Corte1/petclinic/target/classes/db/mysql/schema.sql]: CREATE TABLE IF NOT EXISTS album ( id INT(4) UNSIGNED NOT NULL AUTO_INCREMENT PRIMARY KEY, pet_id INT(4) UNSIGNED NOT NULL, photo VARCHAR(100), FOREIGN KEY (pet_id) REFERENCES pets(id) ) engine=InnoDB; nested exception is java.sql.SQLException: Can't create table `petclinic`.`album` (errno: 150 "Foreign key constraint is incorrectly formed")
Caused by: java.sql.SQLException: Can't create table `petclinic`.`album` (errno: 150 "Foreign key constraint is incorrectly formed")

